<?xml version="1.0" encoding="UTF-8"?>
<!-- Generated by org.testng.reporters.JUnitXMLReporter -->
<testsuite hostname="CoEMobile-W10" name="Login and Update Profile Test" tests="1" failures="1" timestamp="13 Dec 2018 12:14:07 GMT" time="0.607" errors="0">
  <testcase name="feature" time="0.121" classname="com.test.runner.TestRunner">
    <failure type="cucumber.runtime.CucumberException" message="cucumber.runtime.CucumberException: Hooks must declare 0 or 1 arguments. public void com.test.env.ServiceHooks.InitializeTest(java.lang.String,boolean)">
      <![CDATA[cucumber.runtime.CucumberException: cucumber.runtime.CucumberException: Hooks must declare 0 or 1 arguments. public void com.test.env.ServiceHooks.InitializeTest(java.lang.String,boolean)
	at cucumber.api.testng.TestNGCucumberRunner.runCucumber(TestNGCucumberRunner.java:69)
	at com.test.runner.TestRunner.feature(TestRunner.java:34)
	at java.util.concurrent.FutureTask.run(Unknown Source)
	at java.util.concurrent.ThreadPoolExecutor.runWorker(Unknown Source)
	at java.util.concurrent.ThreadPoolExecutor$Worker.run(Unknown Source)
	at java.lang.Thread.run(Unknown Source)
Caused by: cucumber.runtime.CucumberException: Hooks must declare 0 or 1 arguments. public void com.test.env.ServiceHooks.InitializeTest(java.lang.String,boolean)
	at cucumber.runtime.java.JavaHookDefinition.execute(JavaHookDefinition.java:57)
	at cucumber.runtime.Runtime.runHookIfTagsMatch(Runtime.java:224)
	at cucumber.runtime.Runtime.runHooks(Runtime.java:212)
	at cucumber.runtime.Runtime.runBeforeHooks(Runtime.java:202)
	at cucumber.runtime.model.CucumberScenario.run(CucumberScenario.java:40)
	at cucumber.runtime.model.CucumberFeature.run(CucumberFeature.java:165)
	at cucumber.api.testng.TestNGCucumberRunner.runCucumber(TestNGCucumberRunner.java:63)
	... 21 more
... Removed 16 stack frames]]>
    </failure>
  </testcase> <!-- feature -->
</testsuite> <!-- Login and Update Profile Test -->
